<?xml version="1.0" encoding="UTF-8"?>
<!-- Generated by org.testng.reporters.JUnitReportReporter -->
<testsuite hostname="DESKTOP-5VI0HAR" failures="0" tests="2" name="api.test.UserTests" time="4.916" errors="0" timestamp="2024-01-07T23:31:54 CST" skipped="0">
  <testcase classname="api.test.UserTests" name="testPostUser" time="4.401"/>
  <testcase classname="api.test.UserTests" name="testGetUserByName" time="0.515"/>
</testsuite> <!-- api.test.UserTests -->
