<?xml version="1.0" encoding="UTF-8"?>
<!-- Generated by org.testng.reporters.JUnitReportReporter -->
<testsuite hostname="DESKTOP-5VI0HAR" failures="0" tests="4" name="api.test.UserTests2" time="3.286" errors="0" timestamp="2024-02-07T13:58:12 CST" skipped="0">
  <testcase classname="api.test.UserTests2" name="testPostUser" time="2.408"/>
  <testcase classname="api.test.UserTests2" name="testGetUserByName" time="0.292"/>
  <testcase classname="api.test.UserTests2" name="testUpdateUserByName" time="0.288"/>
  <testcase classname="api.test.UserTests2" name="testDeleteUserByName" time="0.298"/>
</testsuite> <!-- api.test.UserTests2 -->
