<?xml version="1.0" encoding="UTF-8"?>
<!-- Generated by org.testng.reporters.JUnitReportReporter -->
<testsuite hostname="DESKTOP-5VI0HAR" failures="0" tests="6" name="api.test.DDTests" time="5.795" errors="0" timestamp="2024-04-12T22:39:26 CDT" skipped="0">
  <testcase classname="api.test.DDTests" name="testPostUser" time="0.305"/>
  <testcase classname="api.test.DDTests" name="testPostUser" time="4.287"/>
  <testcase classname="api.test.DDTests" name="testPostUser" time="0.326"/>
  <testcase classname="api.test.DDTests" name="testDeleteUserByName" time="0.333"/>
  <testcase classname="api.test.DDTests" name="testDeleteUserByName" time="0.274"/>
  <testcase classname="api.test.DDTests" name="testDeleteUserByName" time="0.270"/>
</testsuite> <!-- api.test.DDTests -->
