<?xml version="1.0" encoding="UTF-8"?>
<!-- Generated by org.testng.reporters.JUnitReportReporter -->
<testsuite hostname="DESKTOP-5VI0HAR" failures="0" tests="4" name="api.test.UserTests" time="6.979" errors="0" timestamp="2024-02-07T23:10:40 CST" skipped="0">
  <testcase classname="api.test.UserTests" name="testPostUser" time="4.741"/>
  <testcase classname="api.test.UserTests" name="testGetUserByName" time="0.584"/>
  <testcase classname="api.test.UserTests" name="testUpdateUserByName" time="0.373"/>
  <testcase classname="api.test.UserTests" name="testDeleteUserByName" time="1.281"/>
</testsuite> <!-- api.test.UserTests -->
